<?xml version="1.0" encoding="UTF-8"?>
<testng-results ignored="0" total="1" passed="1" failed="0" skipped="0">
  <reporter-output>
  </reporter-output>
  <suite started-at="2022-03-31T17:21:36 IST" name="Default suite" finished-at="2022-03-31T17:21:52 IST" duration-ms="16544">
    <groups>
    </groups>
    <test started-at="2022-03-31T17:21:36 IST" name="Default test" finished-at="2022-03-31T17:21:52 IST" duration-ms="16544">
      <class name="Com.Map.Tests.MapDataTest">
        <test-method is-config="true" signature="startReport()[pri:0, instance:Com.Map.Tests.MapDataTest@7adda9cc]" started-at="2022-03-31T17:21:36 IST" name="startReport" finished-at="2022-03-31T17:21:36 IST" duration-ms="315" status="PASS">
          <reporter-output>
          </reporter-output>
        </test-method> <!-- startReport -->
        <test-method is-config="true" signature="setup()[pri:0, instance:Com.Map.Tests.MapDataTest@7adda9cc]" started-at="2022-03-31T17:21:36 IST" name="setup" finished-at="2022-03-31T17:21:43 IST" duration-ms="6615" status="PASS">
          <reporter-output>
          </reporter-output>
        </test-method> <!-- setup -->
        <test-method signature="MapPage()[pri:0, instance:Com.Map.Tests.MapDataTest@7adda9cc]" started-at="2022-03-31T17:21:43 IST" name="MapPage" finished-at="2022-03-31T17:21:50 IST" duration-ms="7184" status="PASS">
          <reporter-output>
          </reporter-output>
        </test-method> <!-- MapPage -->
        <test-method is-config="true" signature="getResult(org.testng.ITestResult)[pri:0, instance:Com.Map.Tests.MapDataTest@7adda9cc]" started-at="2022-03-31T17:21:50 IST" name="getResult" finished-at="2022-03-31T17:21:51 IST" duration-ms="482" status="PASS">
          <params>
            <param index="0">
              <value>
                <![CDATA[[TestResult name=MapPage status=SUCCESS method=MapDataTest.MapPage()[pri:0, instance:Com.Map.Tests.MapDataTest@7adda9cc] output={null}]]]>
              </value>
            </param>
          </params>
          <reporter-output>
          </reporter-output>
        </test-method> <!-- getResult -->
        <test-method is-config="true" signature="endReport()[pri:0, instance:Com.Map.Tests.MapDataTest@7adda9cc]" started-at="2022-03-31T17:21:51 IST" name="endReport" finished-at="2022-03-31T17:21:52 IST" duration-ms="1879" status="PASS">
          <reporter-output>
          </reporter-output>
        </test-method> <!-- endReport -->
      </class> <!-- Com.Map.Tests.MapDataTest -->
    </test> <!-- Default test -->
  </suite> <!-- Default suite -->
</testng-results>
