<?xml version="1.0" encoding="UTF-8"?>
<testng-results ignored="0" total="1" passed="1" failed="0" skipped="0">
  <reporter-output>
  </reporter-output>
  <suite started-at="2022-03-31T16:25:52 IST" name="Suite" finished-at="2022-03-31T16:26:07 IST" duration-ms="15181">
    <groups>
    </groups>
    <test started-at="2022-03-31T16:25:52 IST" name="Test" finished-at="2022-03-31T16:26:07 IST" duration-ms="15181">
      <class name="Com.Map.Tests.MapDataTest">
        <test-method is-config="true" signature="startReport()[pri:0, instance:Com.Map.Tests.MapDataTest@433d61fb]" started-at="2022-03-31T16:25:52 IST" name="startReport" finished-at="2022-03-31T16:25:52 IST" duration-ms="167" status="PASS">
          <reporter-output>
          </reporter-output>
        </test-method> <!-- startReport -->
        <test-method is-config="true" signature="setup()[pri:0, instance:Com.Map.Tests.MapDataTest@433d61fb]" started-at="2022-03-31T16:25:52 IST" name="setup" finished-at="2022-03-31T16:26:00 IST" duration-ms="7541" status="PASS">
          <reporter-output>
          </reporter-output>
        </test-method> <!-- setup -->
        <test-method signature="MapPage()[pri:0, instance:Com.Map.Tests.MapDataTest@433d61fb]" started-at="2022-03-31T16:26:00 IST" name="MapPage" finished-at="2022-03-31T16:26:06 IST" duration-ms="6005" status="PASS">
          <reporter-output>
          </reporter-output>
        </test-method> <!-- MapPage -->
        <test-method is-config="true" signature="getResult(org.testng.ITestResult)[pri:0, instance:Com.Map.Tests.MapDataTest@433d61fb]" started-at="2022-03-31T16:26:06 IST" name="getResult" finished-at="2022-03-31T16:26:06 IST" duration-ms="327" status="PASS">
          <params>
            <param index="0">
              <value>
                <![CDATA[[TestResult name=MapPage status=SUCCESS method=MapDataTest.MapPage()[pri:0, instance:Com.Map.Tests.MapDataTest@433d61fb] output={null}]]]>
              </value>
            </param>
          </params>
          <reporter-output>
          </reporter-output>
        </test-method> <!-- getResult -->
        <test-method is-config="true" signature="endReport()[pri:0, instance:Com.Map.Tests.MapDataTest@433d61fb]" started-at="2022-03-31T16:26:06 IST" name="endReport" finished-at="2022-03-31T16:26:07 IST" duration-ms="1091" status="PASS">
          <reporter-output>
          </reporter-output>
        </test-method> <!-- endReport -->
      </class> <!-- Com.Map.Tests.MapDataTest -->
    </test> <!-- Test -->
  </suite> <!-- Suite -->
</testng-results>
